2020-08-19 08:42:16,489 [Worker-2: Loading available Gradle versions] INFO  o.e.b.c.i.u.g.PublishedGradleVersions - Gradle version information cache is out-of-date. Trying to update.
2020-08-19 08:44:55,505 [Worker-20: Creating maven-archetype-webapp] INFO  o.e.m.c.i.p.ProjectConfigurationManager - Collecting project info '/pom.xml' D:\Practice\Program\Java\SpringPractice_forTomCat\pset.spring01\pom.xml
2020-08-19 08:44:56,891 [Worker-20: Creating maven-archetype-webapp] INFO  o.e.m.c.i.l.LifecycleMappingFactory - Using org.maven.ide.eclipse.wtp.WarLifecycleMapping lifecycle mapping for MavenProject: com.mitac:pset.spring01:0.0.1-SNAPSHOT @ D:\Practice\Program\Java\SpringPractice_forTomCat\pset.spring01\pom.xml.
2020-08-19 08:44:57,991 [Worker-20: Creating maven-archetype-webapp] INFO  o.e.m.j.i.AbstractJavaProjectConfigurator - Adding source folder /pset.spring01/src/main/java
2020-08-19 08:44:57,993 [Worker-20: Creating maven-archetype-webapp] INFO  o.e.m.j.i.AbstractJavaProjectConfigurator - Adding resource folder /pset.spring01/src/main/resources
2020-08-19 08:44:57,994 [Worker-20: Creating maven-archetype-webapp] INFO  o.e.m.j.i.AbstractJavaProjectConfigurator - Adding source folder /pset.spring01/src/test/java
2020-08-19 08:45:00,509 [Worker-20: Creating maven-archetype-webapp] INFO  o.e.m.c.i.p.ProjectConfigurationManager - Imported and configured 1 project(s) in 5 sec
2020-08-19 08:45:01,393 [Worker-29: Building...] WARN  o.e.m.c.i.embedder.EclipseLogger - Using platform encoding (MS950 actually) to copy filtered resources, i.e. build is platform dependent!
2020-08-19 08:45:01,406 [Worker-29: Building...] INFO  o.e.m.c.i.embedder.EclipseLogger - Copying 0 resource
2020-08-19 08:45:01,408 [Worker-29: Building...] WARN  o.e.m.c.i.embedder.EclipseLogger - Using platform encoding (MS950 actually) to copy filtered resources, i.e. build is platform dependent!
2020-08-19 08:45:01,411 [Worker-29: Building...] INFO  o.e.m.c.i.embedder.EclipseLogger - skip non existing resourceDirectory D:\Practice\Program\Java\SpringPractice_forTomCat\pset.spring01\src\test\resources
2020-08-19 09:06:27,823 [Worker-44: Building...] WARN  o.e.m.c.i.embedder.EclipseLogger - Using platform encoding (MS950 actually) to copy filtered resources, i.e. build is platform dependent!
2020-08-19 09:06:27,826 [Worker-44: Building...] INFO  o.e.m.c.i.embedder.EclipseLogger - Copying 0 resource
2020-08-19 09:06:27,827 [Worker-44: Building...] WARN  o.e.m.c.i.embedder.EclipseLogger - Using platform encoding (MS950 actually) to copy filtered resources, i.e. build is platform dependent!
2020-08-19 09:06:27,829 [Worker-44: Building...] INFO  o.e.m.c.i.embedder.EclipseLogger - skip non existing resourceDirectory D:\Practice\Program\Java\SpringPractice_forTomCat\pset.spring01\src\test\resources
2020-08-19 09:08:54,160 [Worker-1: Loading available Gradle versions] INFO  o.e.b.c.i.u.g.PublishedGradleVersions - Gradle version information cache is up-to-date. Trying to read.
2020-08-19 09:08:59,244 [Worker-1: Building...] WARN  o.e.m.c.i.embedder.EclipseLogger - Using platform encoding (MS950 actually) to copy filtered resources, i.e. build is platform dependent!
2020-08-19 09:08:59,266 [Worker-1: Building...] INFO  o.e.m.c.i.embedder.EclipseLogger - Copying 0 resource
2020-08-19 09:08:59,272 [Worker-1: Building...] WARN  o.e.m.c.i.embedder.EclipseLogger - Using platform encoding (MS950 actually) to copy filtered resources, i.e. build is platform dependent!
2020-08-19 09:08:59,276 [Worker-1: Building...] INFO  o.e.m.c.i.embedder.EclipseLogger - skip non existing resourceDirectory D:\Practice\Program\Java\SpringPractice_forTomCat\pset.spring01\src\test\resources
2020-08-19 09:10:55,441 [Worker-17: Building...] WARN  o.e.m.c.i.embedder.EclipseLogger - Using platform encoding (MS950 actually) to copy filtered resources, i.e. build is platform dependent!
2020-08-19 09:10:55,446 [Worker-17: Building...] INFO  o.e.m.c.i.embedder.EclipseLogger - Copying 0 resource
2020-08-19 09:10:55,448 [Worker-17: Building...] WARN  o.e.m.c.i.embedder.EclipseLogger - Using platform encoding (MS950 actually) to copy filtered resources, i.e. build is platform dependent!
2020-08-19 09:10:55,450 [Worker-17: Building...] INFO  o.e.m.c.i.embedder.EclipseLogger - skip non existing resourceDirectory D:\Practice\Program\Java\SpringPractice_forTomCat\pset.spring01\src\test\resources
2020-08-19 09:11:27,655 [Worker-11: Building...] WARN  o.e.m.c.i.embedder.EclipseLogger - Using platform encoding (MS950 actually) to copy filtered resources, i.e. build is platform dependent!
2020-08-19 09:11:27,666 [Worker-11: Building...] INFO  o.e.m.c.i.embedder.EclipseLogger - Copying 0 resource
2020-08-19 09:11:27,667 [Worker-11: Building...] WARN  o.e.m.c.i.embedder.EclipseLogger - Using platform encoding (MS950 actually) to copy filtered resources, i.e. build is platform dependent!
2020-08-19 09:11:27,672 [Worker-11: Building...] INFO  o.e.m.c.i.embedder.EclipseLogger - skip non existing resourceDirectory D:\Practice\Program\Java\SpringPractice_forTomCat\pset.spring01\src\test\resources
2020-08-19 09:11:43,186 [Worker-12: Building...] WARN  o.e.m.c.i.embedder.EclipseLogger - Using platform encoding (MS950 actually) to copy filtered resources, i.e. build is platform dependent!
2020-08-19 09:11:43,190 [Worker-12: Building...] INFO  o.e.m.c.i.embedder.EclipseLogger - Copying 0 resource
2020-08-19 09:11:43,192 [Worker-12: Building...] WARN  o.e.m.c.i.embedder.EclipseLogger - Using platform encoding (MS950 actually) to copy filtered resources, i.e. build is platform dependent!
2020-08-19 09:11:43,195 [Worker-12: Building...] INFO  o.e.m.c.i.embedder.EclipseLogger - skip non existing resourceDirectory D:\Practice\Program\Java\SpringPractice_forTomCat\pset.spring01\src\test\resources
2020-08-19 09:11:44,467 [Worker-17: Building...] WARN  o.e.m.c.i.embedder.EclipseLogger - Using platform encoding (MS950 actually) to copy filtered resources, i.e. build is platform dependent!
2020-08-19 09:11:44,470 [Worker-17: Building...] INFO  o.e.m.c.i.embedder.EclipseLogger - Copying 0 resource
2020-08-19 09:11:44,472 [Worker-17: Building...] WARN  o.e.m.c.i.embedder.EclipseLogger - Using platform encoding (MS950 actually) to copy filtered resources, i.e. build is platform dependent!
2020-08-19 09:11:44,475 [Worker-17: Building...] INFO  o.e.m.c.i.embedder.EclipseLogger - skip non existing resourceDirectory D:\Practice\Program\Java\SpringPractice_forTomCat\pset.spring01\src\test\resources
2020-08-19 09:12:12,176 [Worker-2: Building...] WARN  o.e.m.c.i.embedder.EclipseLogger - Using platform encoding (MS950 actually) to copy filtered resources, i.e. build is platform dependent!
2020-08-19 09:12:12,178 [Worker-2: Building...] INFO  o.e.m.c.i.embedder.EclipseLogger - Copying 0 resource
2020-08-19 09:12:12,179 [Worker-2: Building...] WARN  o.e.m.c.i.embedder.EclipseLogger - Using platform encoding (MS950 actually) to copy filtered resources, i.e. build is platform dependent!
2020-08-19 09:12:12,180 [Worker-2: Building...] INFO  o.e.m.c.i.embedder.EclipseLogger - skip non existing resourceDirectory D:\Practice\Program\Java\SpringPractice_forTomCat\pset.spring01\src\test\resources
2020-08-19 09:12:31,579 [Worker-1: Building...] WARN  o.e.m.c.i.embedder.EclipseLogger - Using platform encoding (MS950 actually) to copy filtered resources, i.e. build is platform dependent!
2020-08-19 09:12:31,582 [Worker-1: Building...] INFO  o.e.m.c.i.embedder.EclipseLogger - Copying 0 resource
2020-08-19 09:12:31,583 [Worker-1: Building...] WARN  o.e.m.c.i.embedder.EclipseLogger - Using platform encoding (MS950 actually) to copy filtered resources, i.e. build is platform dependent!
2020-08-19 09:12:31,588 [Worker-1: Building...] INFO  o.e.m.c.i.embedder.EclipseLogger - skip non existing resourceDirectory D:\Practice\Program\Java\SpringPractice_forTomCat\pset.spring01\src\test\resources
2020-08-19 09:12:43,601 [Worker-17: Building...] WARN  o.e.m.c.i.embedder.EclipseLogger - Using platform encoding (MS950 actually) to copy filtered resources, i.e. build is platform dependent!
2020-08-19 09:12:43,603 [Worker-17: Building...] INFO  o.e.m.c.i.embedder.EclipseLogger - Copying 0 resource
2020-08-19 09:12:43,605 [Worker-17: Building...] WARN  o.e.m.c.i.embedder.EclipseLogger - Using platform encoding (MS950 actually) to copy filtered resources, i.e. build is platform dependent!
2020-08-19 09:12:43,606 [Worker-17: Building...] INFO  o.e.m.c.i.embedder.EclipseLogger - skip non existing resourceDirectory D:\Practice\Program\Java\SpringPractice_forTomCat\pset.spring01\src\test\resources
2020-08-19 09:14:21,540 [Worker-14: Building...] WARN  o.e.m.c.i.embedder.EclipseLogger - Using platform encoding (MS950 actually) to copy filtered resources, i.e. build is platform dependent!
2020-08-19 09:14:21,542 [Worker-14: Building...] INFO  o.e.m.c.i.embedder.EclipseLogger - Copying 0 resource
2020-08-19 09:14:21,544 [Worker-14: Building...] WARN  o.e.m.c.i.embedder.EclipseLogger - Using platform encoding (MS950 actually) to copy filtered resources, i.e. build is platform dependent!
2020-08-19 09:14:21,546 [Worker-14: Building...] INFO  o.e.m.c.i.embedder.EclipseLogger - skip non existing resourceDirectory D:\Practice\Program\Java\SpringPractice_forTomCat\pset.spring01\src\test\resources
2020-08-19 09:16:24,817 [Worker-6: Loading available Gradle versions] INFO  o.e.b.c.i.u.g.PublishedGradleVersions - Gradle version information cache is up-to-date. Trying to read.
2020-08-19 09:16:27,534 [Worker-4: Building...] WARN  o.e.m.c.i.embedder.EclipseLogger - Using platform encoding (MS950 actually) to copy filtered resources, i.e. build is platform dependent!
2020-08-19 09:16:27,548 [Worker-4: Building...] INFO  o.e.m.c.i.embedder.EclipseLogger - Copying 0 resource
2020-08-19 09:16:27,551 [Worker-4: Building...] WARN  o.e.m.c.i.embedder.EclipseLogger - Using platform encoding (MS950 actually) to copy filtered resources, i.e. build is platform dependent!
2020-08-19 09:16:27,557 [Worker-4: Building...] INFO  o.e.m.c.i.embedder.EclipseLogger - skip non existing resourceDirectory D:\Practice\Program\Java\SpringPractice_forTomCat\pset.spring01\src\test\resources
2020-08-19 09:17:44,537 [Worker-13: Building...] INFO  o.e.m.c.i.l.LifecycleMappingFactory - Using org.maven.ide.eclipse.wtp.WarLifecycleMapping lifecycle mapping for MavenProject: com.mitac:pset.spring01:0.0.1-SNAPSHOT @ D:\Practice\Program\Java\SpringPractice_forTomCat\pset.spring01\pom.xml.
2020-08-19 09:17:45,858 [Worker-13: Building...] WARN  o.e.m.c.i.embedder.EclipseLogger - Using platform encoding (MS950 actually) to copy filtered resources, i.e. build is platform dependent!
2020-08-19 09:17:45,863 [Worker-13: Building...] INFO  o.e.m.c.i.embedder.EclipseLogger - Copying 0 resource
2020-08-19 09:17:45,865 [Worker-13: Building...] WARN  o.e.m.c.i.embedder.EclipseLogger - Using platform encoding (MS950 actually) to copy filtered resources, i.e. build is platform dependent!
2020-08-19 09:17:45,867 [Worker-13: Building...] INFO  o.e.m.c.i.embedder.EclipseLogger - skip non existing resourceDirectory D:\Practice\Program\Java\SpringPractice_forTomCat\pset.spring01\src\test\resources
2020-08-19 09:17:45,868 [Worker-13: Building...] INFO  o.e.m.w.i.f.ResourceFilteringBuildParticipant - Changed resources require a complete clean of filtered resources of pset.spring01
2020-08-19 09:17:45,869 [Worker-13: Building...] INFO  o.e.m.w.i.f.ResourceFilteringBuildParticipant - Executing resource filtering for pset.spring01
2020-08-19 09:17:45,876 [Worker-13: Building...] WARN  o.e.m.c.i.embedder.EclipseLogger - Using platform encoding (MS950 actually) to copy filtered resources, i.e. build is platform dependent!
2020-08-19 09:17:46,664 [Worker-17: Building...] WARN  o.e.m.c.i.embedder.EclipseLogger - Using platform encoding (MS950 actually) to copy filtered resources, i.e. build is platform dependent!
2020-08-19 09:17:46,670 [Worker-17: Building...] INFO  o.e.m.c.i.embedder.EclipseLogger - Copying 0 resource
2020-08-19 09:17:46,672 [Worker-17: Building...] WARN  o.e.m.c.i.embedder.EclipseLogger - Using platform encoding (MS950 actually) to copy filtered resources, i.e. build is platform dependent!
2020-08-19 09:17:46,675 [Worker-17: Building...] INFO  o.e.m.c.i.embedder.EclipseLogger - skip non existing resourceDirectory D:\Practice\Program\Java\SpringPractice_forTomCat\pset.spring01\src\test\resources
2020-08-19 09:22:58,231 [Worker-17: Building...] WARN  o.e.m.c.i.embedder.EclipseLogger - Using platform encoding (MS950 actually) to copy filtered resources, i.e. build is platform dependent!
2020-08-19 09:22:58,235 [Worker-17: Building...] INFO  o.e.m.c.i.embedder.EclipseLogger - Copying 1 resource
2020-08-19 09:22:58,247 [Worker-17: Building...] WARN  o.e.m.c.i.embedder.EclipseLogger - Using platform encoding (MS950 actually) to copy filtered resources, i.e. build is platform dependent!
2020-08-19 09:22:58,250 [Worker-17: Building...] INFO  o.e.m.c.i.embedder.EclipseLogger - skip non existing resourceDirectory D:\Practice\Program\Java\SpringPractice_forTomCat\pset.spring01\src\test\resources
2020-08-19 09:23:31,144 [Worker-13: Building...] WARN  o.e.m.c.i.embedder.EclipseLogger - Using platform encoding (MS950 actually) to copy filtered resources, i.e. build is platform dependent!
2020-08-19 09:23:31,146 [Worker-13: Building...] INFO  o.e.m.c.i.embedder.EclipseLogger - Copying 1 resource
2020-08-19 09:23:31,150 [Worker-13: Building...] WARN  o.e.m.c.i.embedder.EclipseLogger - Using platform encoding (MS950 actually) to copy filtered resources, i.e. build is platform dependent!
2020-08-19 09:23:31,151 [Worker-13: Building...] INFO  o.e.m.c.i.embedder.EclipseLogger - skip non existing resourceDirectory D:\Practice\Program\Java\SpringPractice_forTomCat\pset.spring01\src\test\resources
2020-08-19 09:23:39,743 [Worker-23: Building...] WARN  o.e.m.c.i.embedder.EclipseLogger - Using platform encoding (MS950 actually) to copy filtered resources, i.e. build is platform dependent!
2020-08-19 09:23:39,745 [Worker-23: Building...] INFO  o.e.m.c.i.embedder.EclipseLogger - Copying 1 resource
2020-08-19 09:23:39,752 [Worker-23: Building...] WARN  o.e.m.c.i.embedder.EclipseLogger - Using platform encoding (MS950 actually) to copy filtered resources, i.e. build is platform dependent!
2020-08-19 09:23:39,753 [Worker-23: Building...] INFO  o.e.m.c.i.embedder.EclipseLogger - skip non existing resourceDirectory D:\Practice\Program\Java\SpringPractice_forTomCat\pset.spring01\src\test\resources
2020-08-19 09:23:52,965 [Worker-13: Building...] WARN  o.e.m.c.i.embedder.EclipseLogger - Using platform encoding (MS950 actually) to copy filtered resources, i.e. build is platform dependent!
2020-08-19 09:23:52,967 [Worker-13: Building...] INFO  o.e.m.c.i.embedder.EclipseLogger - Copying 1 resource
2020-08-19 09:23:52,970 [Worker-13: Building...] WARN  o.e.m.c.i.embedder.EclipseLogger - Using platform encoding (MS950 actually) to copy filtered resources, i.e. build is platform dependent!
2020-08-19 09:23:52,971 [Worker-13: Building...] INFO  o.e.m.c.i.embedder.EclipseLogger - skip non existing resourceDirectory D:\Practice\Program\Java\SpringPractice_forTomCat\pset.spring01\src\test\resources
2020-08-19 09:24:34,925 [Worker-17: Building...] WARN  o.e.m.c.i.embedder.EclipseLogger - Using platform encoding (MS950 actually) to copy filtered resources, i.e. build is platform dependent!
2020-08-19 09:24:34,928 [Worker-17: Building...] INFO  o.e.m.c.i.embedder.EclipseLogger - Copying 0 resource
2020-08-19 09:24:34,929 [Worker-17: Building...] WARN  o.e.m.c.i.embedder.EclipseLogger - Using platform encoding (MS950 actually) to copy filtered resources, i.e. build is platform dependent!
2020-08-19 09:24:34,932 [Worker-17: Building...] INFO  o.e.m.c.i.embedder.EclipseLogger - skip non existing resourceDirectory D:\Practice\Program\Java\SpringPractice_forTomCat\pset.spring01\src\test\resources
2020-08-19 09:24:52,131 [Worker-22: Building...] WARN  o.e.m.c.i.embedder.EclipseLogger - Using platform encoding (MS950 actually) to copy filtered resources, i.e. build is platform dependent!
2020-08-19 09:24:52,133 [Worker-22: Building...] INFO  o.e.m.c.i.embedder.EclipseLogger - Copying 0 resource
2020-08-19 09:24:52,135 [Worker-22: Building...] WARN  o.e.m.c.i.embedder.EclipseLogger - Using platform encoding (MS950 actually) to copy filtered resources, i.e. build is platform dependent!
2020-08-19 09:24:52,137 [Worker-22: Building...] INFO  o.e.m.c.i.embedder.EclipseLogger - skip non existing resourceDirectory D:\Practice\Program\Java\SpringPractice_forTomCat\pset.spring01\src\test\resources
